<?xml version="1.0" encoding="UTF-8"?>
<testng-results ignored="0" total="1" passed="1" failed="0" skipped="0">
  <reporter-output>
  </reporter-output>
  <suite started-at="2023-06-15T20:40:56 IST" name="Default suite" finished-at="2023-06-15T20:41:36 IST" duration-ms="39958">
    <groups>
    </groups>
    <test started-at="2023-06-15T20:40:56 IST" name="Default test" finished-at="2023-06-15T20:41:36 IST" duration-ms="39958">
      <class name="com.testing.TestNG.day_7">
        <test-method is-config="true" signature="beforeMethod()[pri:0, instance:com.testing.TestNG.day_7@1e8823d2]" started-at="2023-06-15T20:40:56 IST" name="beforeMethod" finished-at="2023-06-15T20:41:36 IST" duration-ms="39680" status="PASS">
          <reporter-output>
          </reporter-output>
        </test-method> <!-- beforeMethod -->
        <test-method signature="f()[pri:0, instance:com.testing.TestNG.day_7@1e8823d2]" started-at="2023-06-15T20:41:36 IST" name="f" finished-at="2023-06-15T20:41:36 IST" duration-ms="16" status="PASS">
          <reporter-output>
          </reporter-output>
        </test-method> <!-- f -->
        <test-method is-config="true" signature="afterMethod()[pri:0, instance:com.testing.TestNG.day_7@1e8823d2]" started-at="2023-06-15T20:41:36 IST" name="afterMethod" finished-at="2023-06-15T20:41:36 IST" duration-ms="176" status="PASS">
          <reporter-output>
          </reporter-output>
        </test-method> <!-- afterMethod -->
      </class> <!-- com.testing.TestNG.day_7 -->
    </test> <!-- Default test -->
  </suite> <!-- Default suite -->
</testng-results>
